2024-07-28 15:54:54,967 WARN [main] o.a.f.r.w.WebMonitorUtils [WebMonitorUtils.java:87] Log file environment variable 'log.file' is not set.
2024-07-28 15:54:54,969 WARN [main] o.a.f.r.w.WebMonitorUtils [WebMonitorUtils.java:93] JobManager log files are unavailable in the web dashboard. Log file location not found in environment variable 'log.file' or configuration key 'Key: 'web.log.path' , default: null (fallback keys: [{key=jobmanager.web.log.path, isDeprecated=true}])'.
2024-07-28 15:54:56,016 WARN [Source: Custom Source -> Sink: Print to Std. Out (5/20)] o.a.k.c.c.ConsumerConfig [AbstractConfig.java:231] The configuration 'flink.partition-discovery.interval-millis' was supplied but isn't a known config.
2024-07-28 15:54:56,016 WARN [Source: Custom Source -> Sink: Print to Std. Out (11/20)] o.a.k.c.c.ConsumerConfig [AbstractConfig.java:231] The configuration 'flink.partition-discovery.interval-millis' was supplied but isn't a known config.
2024-07-28 15:54:56,016 WARN [Source: Custom Source -> Sink: Print to Std. Out (10/20)] o.a.k.c.c.ConsumerConfig [AbstractConfig.java:231] The configuration 'flink.partition-discovery.interval-millis' was supplied but isn't a known config.
2024-07-28 15:54:56,016 WARN [Source: Custom Source -> Sink: Print to Std. Out (15/20)] o.a.k.c.c.ConsumerConfig [AbstractConfig.java:231] The configuration 'flink.partition-discovery.interval-millis' was supplied but isn't a known config.
2024-07-28 15:54:56,016 WARN [Source: Custom Source -> Sink: Print to Std. Out (19/20)] o.a.k.c.c.ConsumerConfig [AbstractConfig.java:231] The configuration 'flink.partition-discovery.interval-millis' was supplied but isn't a known config.
2024-07-28 15:54:56,016 WARN [Source: Custom Source -> Sink: Print to Std. Out (7/20)] o.a.k.c.c.ConsumerConfig [AbstractConfig.java:231] The configuration 'flink.partition-discovery.interval-millis' was supplied but isn't a known config.
2024-07-28 15:54:56,016 WARN [Source: Custom Source -> Sink: Print to Std. Out (20/20)] o.a.k.c.c.ConsumerConfig [AbstractConfig.java:231] The configuration 'flink.partition-discovery.interval-millis' was supplied but isn't a known config.
2024-07-28 15:54:56,016 WARN [Source: Custom Source -> Sink: Print to Std. Out (17/20)] o.a.k.c.c.ConsumerConfig [AbstractConfig.java:231] The configuration 'flink.partition-discovery.interval-millis' was supplied but isn't a known config.
2024-07-28 15:54:56,016 WARN [Source: Custom Source -> Sink: Print to Std. Out (9/20)] o.a.k.c.c.ConsumerConfig [AbstractConfig.java:231] The configuration 'flink.partition-discovery.interval-millis' was supplied but isn't a known config.
2024-07-28 15:54:56,016 WARN [Source: Custom Source -> Sink: Print to Std. Out (4/20)] o.a.k.c.c.ConsumerConfig [AbstractConfig.java:231] The configuration 'flink.partition-discovery.interval-millis' was supplied but isn't a known config.
2024-07-28 15:54:56,017 WARN [Source: Custom Source -> Sink: Print to Std. Out (8/20)] o.a.k.c.c.ConsumerConfig [AbstractConfig.java:231] The configuration 'flink.partition-discovery.interval-millis' was supplied but isn't a known config.
2024-07-28 15:54:56,017 WARN [Source: Custom Source -> Sink: Print to Std. Out (18/20)] o.a.k.c.c.ConsumerConfig [AbstractConfig.java:231] The configuration 'flink.partition-discovery.interval-millis' was supplied but isn't a known config.
2024-07-28 15:54:56,017 WARN [Source: Custom Source -> Sink: Print to Std. Out (12/20)] o.a.k.c.c.ConsumerConfig [AbstractConfig.java:231] The configuration 'flink.partition-discovery.interval-millis' was supplied but isn't a known config.
2024-07-28 15:54:56,017 WARN [Source: Custom Source -> Sink: Print to Std. Out (1/20)] o.a.k.c.c.ConsumerConfig [AbstractConfig.java:231] The configuration 'flink.partition-discovery.interval-millis' was supplied but isn't a known config.
2024-07-28 15:54:56,017 WARN [Source: Custom Source -> Sink: Print to Std. Out (13/20)] o.a.k.c.c.ConsumerConfig [AbstractConfig.java:231] The configuration 'flink.partition-discovery.interval-millis' was supplied but isn't a known config.
2024-07-28 15:54:56,017 WARN [Source: Custom Source -> Sink: Print to Std. Out (6/20)] o.a.k.c.c.ConsumerConfig [AbstractConfig.java:231] The configuration 'flink.partition-discovery.interval-millis' was supplied but isn't a known config.
2024-07-28 15:54:56,017 WARN [Source: Custom Source -> Sink: Print to Std. Out (16/20)] o.a.k.c.c.ConsumerConfig [AbstractConfig.java:231] The configuration 'flink.partition-discovery.interval-millis' was supplied but isn't a known config.
2024-07-28 15:54:56,017 WARN [Source: Custom Source -> Sink: Print to Std. Out (3/20)] o.a.k.c.c.ConsumerConfig [AbstractConfig.java:231] The configuration 'flink.partition-discovery.interval-millis' was supplied but isn't a known config.
2024-07-28 15:54:56,017 WARN [Source: Custom Source -> Sink: Print to Std. Out (2/20)] o.a.k.c.c.ConsumerConfig [AbstractConfig.java:231] The configuration 'flink.partition-discovery.interval-millis' was supplied but isn't a known config.
2024-07-28 15:54:56,017 WARN [Source: Custom Source -> Sink: Print to Std. Out (14/20)] o.a.k.c.c.ConsumerConfig [AbstractConfig.java:231] The configuration 'flink.partition-discovery.interval-millis' was supplied but isn't a known config.
2024-07-28 15:54:56,491 WARN [Kafka Fetcher for Source: Custom Source -> Sink: Print to Std. Out (19/20)] o.a.k.c.c.ConsumerConfig [AbstractConfig.java:231] The configuration 'flink.partition-discovery.interval-millis' was supplied but isn't a known config.
2024-07-28 15:54:56,492 WARN [Kafka Fetcher for Source: Custom Source -> Sink: Print to Std. Out (8/20)] o.a.k.c.c.ConsumerConfig [AbstractConfig.java:231] The configuration 'flink.partition-discovery.interval-millis' was supplied but isn't a known config.
2024-07-28 15:54:56,492 WARN [Kafka Fetcher for Source: Custom Source -> Sink: Print to Std. Out (17/20)] o.a.k.c.c.ConsumerConfig [AbstractConfig.java:231] The configuration 'flink.partition-discovery.interval-millis' was supplied but isn't a known config.
2024-07-28 15:54:56,492 WARN [Kafka Fetcher for Source: Custom Source -> Sink: Print to Std. Out (12/20)] o.a.k.c.c.ConsumerConfig [AbstractConfig.java:231] The configuration 'flink.partition-discovery.interval-millis' was supplied but isn't a known config.
2024-07-28 15:54:56,492 WARN [Kafka Fetcher for Source: Custom Source -> Sink: Print to Std. Out (15/20)] o.a.k.c.c.ConsumerConfig [AbstractConfig.java:231] The configuration 'flink.partition-discovery.interval-millis' was supplied but isn't a known config.
2024-07-28 15:54:56,494 WARN [Kafka Fetcher for Source: Custom Source -> Sink: Print to Std. Out (16/20)] o.a.k.c.c.ConsumerConfig [AbstractConfig.java:231] The configuration 'flink.partition-discovery.interval-millis' was supplied but isn't a known config.
2024-07-28 15:54:56,494 WARN [Kafka Fetcher for Source: Custom Source -> Sink: Print to Std. Out (7/20)] o.a.k.c.c.ConsumerConfig [AbstractConfig.java:231] The configuration 'flink.partition-discovery.interval-millis' was supplied but isn't a known config.
2024-07-28 15:54:56,494 WARN [Kafka Fetcher for Source: Custom Source -> Sink: Print to Std. Out (10/20)] o.a.k.c.c.ConsumerConfig [AbstractConfig.java:231] The configuration 'flink.partition-discovery.interval-millis' was supplied but isn't a known config.
2024-07-28 15:54:56,494 WARN [Kafka Fetcher for Source: Custom Source -> Sink: Print to Std. Out (2/20)] o.a.k.c.c.ConsumerConfig [AbstractConfig.java:231] The configuration 'flink.partition-discovery.interval-millis' was supplied but isn't a known config.
2024-07-28 15:54:56,494 WARN [Kafka Fetcher for Source: Custom Source -> Sink: Print to Std. Out (11/20)] o.a.k.c.c.ConsumerConfig [AbstractConfig.java:231] The configuration 'flink.partition-discovery.interval-millis' was supplied but isn't a known config.
2024-07-28 15:54:56,495 WARN [Kafka Fetcher for Source: Custom Source -> Sink: Print to Std. Out (13/20)] o.a.k.c.c.ConsumerConfig [AbstractConfig.java:231] The configuration 'flink.partition-discovery.interval-millis' was supplied but isn't a known config.
2024-07-28 15:54:56,495 WARN [Kafka Fetcher for Source: Custom Source -> Sink: Print to Std. Out (1/20)] o.a.k.c.c.ConsumerConfig [AbstractConfig.java:231] The configuration 'flink.partition-discovery.interval-millis' was supplied but isn't a known config.
2024-07-28 15:54:56,495 WARN [Kafka Fetcher for Source: Custom Source -> Sink: Print to Std. Out (6/20)] o.a.k.c.c.ConsumerConfig [AbstractConfig.java:231] The configuration 'flink.partition-discovery.interval-millis' was supplied but isn't a known config.
2024-07-28 15:54:56,495 WARN [Kafka Fetcher for Source: Custom Source -> Sink: Print to Std. Out (18/20)] o.a.k.c.c.ConsumerConfig [AbstractConfig.java:231] The configuration 'flink.partition-discovery.interval-millis' was supplied but isn't a known config.
2024-07-28 15:54:56,496 WARN [Kafka Fetcher for Source: Custom Source -> Sink: Print to Std. Out (5/20)] o.a.k.c.c.ConsumerConfig [AbstractConfig.java:231] The configuration 'flink.partition-discovery.interval-millis' was supplied but isn't a known config.
2024-07-28 15:54:56,501 WARN [Kafka Fetcher for Source: Custom Source -> Sink: Print to Std. Out (14/20)] o.a.k.c.c.ConsumerConfig [AbstractConfig.java:231] The configuration 'flink.partition-discovery.interval-millis' was supplied but isn't a known config.
2024-07-28 15:54:56,502 WARN [Kafka Fetcher for Source: Custom Source -> Sink: Print to Std. Out (9/20)] o.a.k.c.c.ConsumerConfig [AbstractConfig.java:231] The configuration 'flink.partition-discovery.interval-millis' was supplied but isn't a known config.
2024-07-28 15:54:56,502 WARN [Kafka Fetcher for Source: Custom Source -> Sink: Print to Std. Out (20/20)] o.a.k.c.c.ConsumerConfig [AbstractConfig.java:231] The configuration 'flink.partition-discovery.interval-millis' was supplied but isn't a known config.
2024-07-28 15:54:56,503 WARN [Kafka Fetcher for Source: Custom Source -> Sink: Print to Std. Out (4/20)] o.a.k.c.c.ConsumerConfig [AbstractConfig.java:231] The configuration 'flink.partition-discovery.interval-millis' was supplied but isn't a known config.
2024-07-28 15:54:56,549 WARN [Kafka Fetcher for Source: Custom Source -> Sink: Print to Std. Out (3/20)] o.a.k.c.c.ConsumerConfig [AbstractConfig.java:231] The configuration 'flink.partition-discovery.interval-millis' was supplied but isn't a known config.
2024-07-28 15:55:07,208 WARN [Thread-0] o.a.k.c.p.ProducerConfig [AbstractConfig.java:231] The configuration 'producer.type' was supplied but isn't a known config.
2024-07-28 15:55:07,211 WARN [Thread-0] o.a.k.c.p.ProducerConfig [AbstractConfig.java:231] The configuration 'request.required.acks' was supplied but isn't a known config.
2024-07-28 15:55:54,408 WARN [main] o.a.f.r.w.WebMonitorUtils [WebMonitorUtils.java:87] Log file environment variable 'log.file' is not set.
2024-07-28 15:55:54,410 WARN [main] o.a.f.r.w.WebMonitorUtils [WebMonitorUtils.java:93] JobManager log files are unavailable in the web dashboard. Log file location not found in environment variable 'log.file' or configuration key 'Key: 'web.log.path' , default: null (fallback keys: [{key=jobmanager.web.log.path, isDeprecated=true}])'.
2024-07-28 15:55:55,455 WARN [Source: Custom Source -> Sink: Print to Std. Out (9/20)] o.a.k.c.c.ConsumerConfig [AbstractConfig.java:231] The configuration 'flink.partition-discovery.interval-millis' was supplied but isn't a known config.
2024-07-28 15:55:55,455 WARN [Source: Custom Source -> Sink: Print to Std. Out (6/20)] o.a.k.c.c.ConsumerConfig [AbstractConfig.java:231] The configuration 'flink.partition-discovery.interval-millis' was supplied but isn't a known config.
2024-07-28 15:55:55,455 WARN [Source: Custom Source -> Sink: Print to Std. Out (5/20)] o.a.k.c.c.ConsumerConfig [AbstractConfig.java:231] The configuration 'flink.partition-discovery.interval-millis' was supplied but isn't a known config.
2024-07-28 15:55:55,456 WARN [Source: Custom Source -> Sink: Print to Std. Out (16/20)] o.a.k.c.c.ConsumerConfig [AbstractConfig.java:231] The configuration 'flink.partition-discovery.interval-millis' was supplied but isn't a known config.
2024-07-28 15:55:55,456 WARN [Source: Custom Source -> Sink: Print to Std. Out (8/20)] o.a.k.c.c.ConsumerConfig [AbstractConfig.java:231] The configuration 'flink.partition-discovery.interval-millis' was supplied but isn't a known config.
2024-07-28 15:55:55,456 WARN [Source: Custom Source -> Sink: Print to Std. Out (11/20)] o.a.k.c.c.ConsumerConfig [AbstractConfig.java:231] The configuration 'flink.partition-discovery.interval-millis' was supplied but isn't a known config.
2024-07-28 15:55:55,456 WARN [Source: Custom Source -> Sink: Print to Std. Out (10/20)] o.a.k.c.c.ConsumerConfig [AbstractConfig.java:231] The configuration 'flink.partition-discovery.interval-millis' was supplied but isn't a known config.
2024-07-28 15:55:55,456 WARN [Source: Custom Source -> Sink: Print to Std. Out (13/20)] o.a.k.c.c.ConsumerConfig [AbstractConfig.java:231] The configuration 'flink.partition-discovery.interval-millis' was supplied but isn't a known config.
2024-07-28 15:55:55,456 WARN [Source: Custom Source -> Sink: Print to Std. Out (19/20)] o.a.k.c.c.ConsumerConfig [AbstractConfig.java:231] The configuration 'flink.partition-discovery.interval-millis' was supplied but isn't a known config.
2024-07-28 15:55:55,456 WARN [Source: Custom Source -> Sink: Print to Std. Out (12/20)] o.a.k.c.c.ConsumerConfig [AbstractConfig.java:231] The configuration 'flink.partition-discovery.interval-millis' was supplied but isn't a known config.
2024-07-28 15:55:55,456 WARN [Source: Custom Source -> Sink: Print to Std. Out (3/20)] o.a.k.c.c.ConsumerConfig [AbstractConfig.java:231] The configuration 'flink.partition-discovery.interval-millis' was supplied but isn't a known config.
2024-07-28 15:55:55,457 WARN [Source: Custom Source -> Sink: Print to Std. Out (1/20)] o.a.k.c.c.ConsumerConfig [AbstractConfig.java:231] The configuration 'flink.partition-discovery.interval-millis' was supplied but isn't a known config.
2024-07-28 15:55:55,457 WARN [Source: Custom Source -> Sink: Print to Std. Out (14/20)] o.a.k.c.c.ConsumerConfig [AbstractConfig.java:231] The configuration 'flink.partition-discovery.interval-millis' was supplied but isn't a known config.
2024-07-28 15:55:55,457 WARN [Source: Custom Source -> Sink: Print to Std. Out (2/20)] o.a.k.c.c.ConsumerConfig [AbstractConfig.java:231] The configuration 'flink.partition-discovery.interval-millis' was supplied but isn't a known config.
2024-07-28 15:55:55,457 WARN [Source: Custom Source -> Sink: Print to Std. Out (4/20)] o.a.k.c.c.ConsumerConfig [AbstractConfig.java:231] The configuration 'flink.partition-discovery.interval-millis' was supplied but isn't a known config.
2024-07-28 15:55:55,457 WARN [Source: Custom Source -> Sink: Print to Std. Out (18/20)] o.a.k.c.c.ConsumerConfig [AbstractConfig.java:231] The configuration 'flink.partition-discovery.interval-millis' was supplied but isn't a known config.
2024-07-28 15:55:55,457 WARN [Source: Custom Source -> Sink: Print to Std. Out (17/20)] o.a.k.c.c.ConsumerConfig [AbstractConfig.java:231] The configuration 'flink.partition-discovery.interval-millis' was supplied but isn't a known config.
2024-07-28 15:55:55,457 WARN [Source: Custom Source -> Sink: Print to Std. Out (7/20)] o.a.k.c.c.ConsumerConfig [AbstractConfig.java:231] The configuration 'flink.partition-discovery.interval-millis' was supplied but isn't a known config.
2024-07-28 15:55:55,457 WARN [Source: Custom Source -> Sink: Print to Std. Out (15/20)] o.a.k.c.c.ConsumerConfig [AbstractConfig.java:231] The configuration 'flink.partition-discovery.interval-millis' was supplied but isn't a known config.
2024-07-28 15:55:55,457 WARN [Source: Custom Source -> Sink: Print to Std. Out (20/20)] o.a.k.c.c.ConsumerConfig [AbstractConfig.java:231] The configuration 'flink.partition-discovery.interval-millis' was supplied but isn't a known config.
2024-07-28 15:55:55,525 WARN [Kafka Fetcher for Source: Custom Source -> Sink: Print to Std. Out (1/20)] o.a.k.c.c.ConsumerConfig [AbstractConfig.java:231] The configuration 'flink.partition-discovery.interval-millis' was supplied but isn't a known config.
2024-07-28 15:55:55,531 WARN [Kafka Fetcher for Source: Custom Source -> Sink: Print to Std. Out (3/20)] o.a.k.c.c.ConsumerConfig [AbstractConfig.java:231] The configuration 'flink.partition-discovery.interval-millis' was supplied but isn't a known config.
2024-07-28 15:55:55,533 WARN [Kafka Fetcher for Source: Custom Source -> Sink: Print to Std. Out (17/20)] o.a.k.c.c.ConsumerConfig [AbstractConfig.java:231] The configuration 'flink.partition-discovery.interval-millis' was supplied but isn't a known config.
2024-07-28 15:55:55,535 WARN [Kafka Fetcher for Source: Custom Source -> Sink: Print to Std. Out (18/20)] o.a.k.c.c.ConsumerConfig [AbstractConfig.java:231] The configuration 'flink.partition-discovery.interval-millis' was supplied but isn't a known config.
2024-07-28 15:55:55,535 WARN [Kafka Fetcher for Source: Custom Source -> Sink: Print to Std. Out (15/20)] o.a.k.c.c.ConsumerConfig [AbstractConfig.java:231] The configuration 'flink.partition-discovery.interval-millis' was supplied but isn't a known config.
2024-07-28 15:55:55,535 WARN [Kafka Fetcher for Source: Custom Source -> Sink: Print to Std. Out (11/20)] o.a.k.c.c.ConsumerConfig [AbstractConfig.java:231] The configuration 'flink.partition-discovery.interval-millis' was supplied but isn't a known config.
2024-07-28 15:55:55,536 WARN [Kafka Fetcher for Source: Custom Source -> Sink: Print to Std. Out (6/20)] o.a.k.c.c.ConsumerConfig [AbstractConfig.java:231] The configuration 'flink.partition-discovery.interval-millis' was supplied but isn't a known config.
2024-07-28 15:55:55,536 WARN [Kafka Fetcher for Source: Custom Source -> Sink: Print to Std. Out (9/20)] o.a.k.c.c.ConsumerConfig [AbstractConfig.java:231] The configuration 'flink.partition-discovery.interval-millis' was supplied but isn't a known config.
2024-07-28 15:55:55,537 WARN [Kafka Fetcher for Source: Custom Source -> Sink: Print to Std. Out (13/20)] o.a.k.c.c.ConsumerConfig [AbstractConfig.java:231] The configuration 'flink.partition-discovery.interval-millis' was supplied but isn't a known config.
2024-07-28 15:55:55,537 WARN [Kafka Fetcher for Source: Custom Source -> Sink: Print to Std. Out (8/20)] o.a.k.c.c.ConsumerConfig [AbstractConfig.java:231] The configuration 'flink.partition-discovery.interval-millis' was supplied but isn't a known config.
2024-07-28 15:55:55,537 WARN [Kafka Fetcher for Source: Custom Source -> Sink: Print to Std. Out (12/20)] o.a.k.c.c.ConsumerConfig [AbstractConfig.java:231] The configuration 'flink.partition-discovery.interval-millis' was supplied but isn't a known config.
2024-07-28 15:55:55,538 WARN [Kafka Fetcher for Source: Custom Source -> Sink: Print to Std. Out (10/20)] o.a.k.c.c.ConsumerConfig [AbstractConfig.java:231] The configuration 'flink.partition-discovery.interval-millis' was supplied but isn't a known config.
2024-07-28 15:55:55,538 WARN [Kafka Fetcher for Source: Custom Source -> Sink: Print to Std. Out (19/20)] o.a.k.c.c.ConsumerConfig [AbstractConfig.java:231] The configuration 'flink.partition-discovery.interval-millis' was supplied but isn't a known config.
2024-07-28 15:55:55,538 WARN [Kafka Fetcher for Source: Custom Source -> Sink: Print to Std. Out (4/20)] o.a.k.c.c.ConsumerConfig [AbstractConfig.java:231] The configuration 'flink.partition-discovery.interval-millis' was supplied but isn't a known config.
2024-07-28 15:55:55,538 WARN [Kafka Fetcher for Source: Custom Source -> Sink: Print to Std. Out (14/20)] o.a.k.c.c.ConsumerConfig [AbstractConfig.java:231] The configuration 'flink.partition-discovery.interval-millis' was supplied but isn't a known config.
2024-07-28 15:55:55,538 WARN [Kafka Fetcher for Source: Custom Source -> Sink: Print to Std. Out (5/20)] o.a.k.c.c.ConsumerConfig [AbstractConfig.java:231] The configuration 'flink.partition-discovery.interval-millis' was supplied but isn't a known config.
2024-07-28 15:55:55,538 WARN [Kafka Fetcher for Source: Custom Source -> Sink: Print to Std. Out (7/20)] o.a.k.c.c.ConsumerConfig [AbstractConfig.java:231] The configuration 'flink.partition-discovery.interval-millis' was supplied but isn't a known config.
2024-07-28 15:55:55,538 WARN [Kafka Fetcher for Source: Custom Source -> Sink: Print to Std. Out (2/20)] o.a.k.c.c.ConsumerConfig [AbstractConfig.java:231] The configuration 'flink.partition-discovery.interval-millis' was supplied but isn't a known config.
2024-07-28 15:55:55,538 WARN [Kafka Fetcher for Source: Custom Source -> Sink: Print to Std. Out (16/20)] o.a.k.c.c.ConsumerConfig [AbstractConfig.java:231] The configuration 'flink.partition-discovery.interval-millis' was supplied but isn't a known config.
2024-07-28 15:55:55,538 WARN [Kafka Fetcher for Source: Custom Source -> Sink: Print to Std. Out (20/20)] o.a.k.c.c.ConsumerConfig [AbstractConfig.java:231] The configuration 'flink.partition-discovery.interval-millis' was supplied but isn't a known config.
2024-07-28 15:55:57,504 WARN [Thread-0] o.a.k.c.p.ProducerConfig [AbstractConfig.java:231] The configuration 'producer.type' was supplied but isn't a known config.
2024-07-28 15:55:57,507 WARN [Thread-0] o.a.k.c.p.ProducerConfig [AbstractConfig.java:231] The configuration 'request.required.acks' was supplied but isn't a known config.
2024-07-28 17:01:58,527 WARN [Thread-0] o.a.k.c.p.ProducerConfig [AbstractConfig.java:231] The configuration 'producer.type' was supplied but isn't a known config.
2024-07-28 17:01:58,530 WARN [Thread-0] o.a.k.c.p.ProducerConfig [AbstractConfig.java:231] The configuration 'request.required.acks' was supplied but isn't a known config.
2024-07-28 22:19:55,854 WARN [Thread-0] o.a.k.c.p.ProducerConfig [AbstractConfig.java:231] The configuration 'producer.type' was supplied but isn't a known config.
2024-07-28 22:19:55,857 WARN [Thread-0] o.a.k.c.p.ProducerConfig [AbstractConfig.java:231] The configuration 'request.required.acks' was supplied but isn't a known config.
2024-07-28 22:21:19,234 WARN [Thread-0] o.a.k.c.p.ProducerConfig [AbstractConfig.java:231] The configuration 'producer.type' was supplied but isn't a known config.
2024-07-28 22:21:19,237 WARN [Thread-0] o.a.k.c.p.ProducerConfig [AbstractConfig.java:231] The configuration 'request.required.acks' was supplied but isn't a known config.
2024-07-28 22:24:02,980 WARN [Thread-0] o.a.k.c.p.ProducerConfig [AbstractConfig.java:231] The configuration 'producer.type' was supplied but isn't a known config.
2024-07-28 22:24:02,982 WARN [Thread-0] o.a.k.c.p.ProducerConfig [AbstractConfig.java:231] The configuration 'request.required.acks' was supplied but isn't a known config.
